<?xml version="1.0" encoding="UTF-8"?>
<!-- Generated by org.testng.reporters.JUnitXMLReporter -->
<testsuite ignored="6" hostname="AvinashJadhav" failures="0" tests="4" name="Test" time="0.11" errors="0" timestamp="2022-01-26T13:57:30 IST">
  <testcase classname="dummy.transfer2.test.DummySampleTest" name="sampleTwo" time="0.014"/>
  <testcase classname="dummy.transfer3.test.DemoDTwoTwoTest" name="sampleTwo" time="0.003"/>
  <testcase classname="dummy.transfer2.test.DummyTest" name="dummyTwo" time="0.006"/>
  <testcase classname="dummy.transfer3.test.DemoDTwoOneTest" name="dummyTwo" time="0.006"/>
  <testcase classname="dummy.transfer2.test.DummySampleTest" name="sampleOneTest" time="0.0">
    <ignored/>
  </testcase> <!-- sampleOneTest -->
  <testcase classname="dummy.transfer2.test.DummyTest" name="dummyOne" time="0.0">
    <ignored/>
  </testcase> <!-- dummyOne -->
  <testcase classname="dummy.transfer3.test.DemoDTwoOneTest" name="dummyOne" time="0.0">
    <ignored/>
  </testcase> <!-- dummyOne -->
  <testcase classname="dummy.transfer1.test.OpenBrowserTest" name="navigateBrowser" time="0.0">
    <ignored/>
  </testcase> <!-- navigateBrowser -->
  <testcase classname="dummy.transfer3.test.DemoDTwoTwoTest" name="sampleOneTest" time="0.0">
    <ignored/>
  </testcase> <!-- sampleOneTest -->
  <testcase classname="dummy.transfer1.test.OpenBrowserTest" name="openBrowser" time="0.0">
    <ignored/>
  </testcase> <!-- openBrowser -->
</testsuite> <!-- Test -->
